
Jupyter server is running on: c26-03
Job starts at: Wed May 10 18:33:55 EDT 2017

Step 1 :

If you are working in NYU campus, please open an iTerm window, run command

ssh -L 7420:localhost:7420 vl1019@prince.hpc.nyu.edu

If you are working off campus, you should already have ssh tunneling setup through HPC bastion host, 
that you can directly login to prince with command

ssh vl1019@prince

Please open an iTerm window, run command

ssh -L 7420:localhost:7420 vl1019@prince

Step 2:

Keep the iTerm windows in the previouse step open. Now open browser, find the line with

The Jupyter Notebook is running at:

the URL is something: http://localhost:/?token=XXXXXXXX

you should be able to connect to jupyter notebook running remotly on prince compute node with above url

[I 18:33:56.859 NotebookApp] Writing notebook server cookie secret to /state/partition1/job-656305/jupyter/notebook_cookie_secret
[I 18:33:57.146 NotebookApp] Serving notebooks from local directory: /home/vl1019
[I 18:33:57.146 NotebookApp] 0 active kernels 
[I 18:33:57.146 NotebookApp] The Jupyter Notebook is running at: http://localhost:7420/?token=4eeb48527d0289ab26c22bb6e308c0f8f812a1fe3a45e401
[I 18:33:57.146 NotebookApp] Use Control-C to stop this server and shut down all kernels (twice to skip confirmation).
[C 18:33:57.146 NotebookApp] 
    
    Copy/paste this URL into your browser when you connect for the first time,
    to login with a token:
        http://localhost:7420/?token=4eeb48527d0289ab26c22bb6e308c0f8f812a1fe3a45e401
[I 18:35:00.736 NotebookApp] 302 GET /?token=4eeb48527d0289ab26c22bb6e308c0f8f812a1fe3a45e401 (::1) 1.31ms
[I 18:35:34.592 NotebookApp] Creating new notebook in /tetci17/experiments/deprecated/supervised
[I 18:35:36.319 NotebookApp] Kernel started: e11840af-830b-40c9-b422-b81b3614348f
[W 18:35:37.208 NotebookApp] 404 GET /nbextensions/widgets/notebook/js/extension.js?v=20170510183356 (::1) 13.86ms referer=http://localhost:7420/notebooks/tetci17/experiments/deprecated/supervised/Untitled.ipynb?kernel_name=python3
[I 18:37:36.289 NotebookApp] Saving file at /tetci17/experiments/deprecated/supervised/svm_classifcation.py.ipynb
[I 18:39:36.321 NotebookApp] Saving file at /tetci17/experiments/deprecated/supervised/svm_classifcation.py.ipynb
[I 18:41:36.335 NotebookApp] Saving file at /tetci17/experiments/deprecated/supervised/svm_classifcation.py.ipynb
[I 18:43:36.317 NotebookApp] Saving file at /tetci17/experiments/deprecated/supervised/svm_classifcation.py.ipynb
[I 18:45:36.317 NotebookApp] Saving file at /tetci17/experiments/deprecated/supervised/svm_classifcation.py.ipynb
[I 18:47:36.332 NotebookApp] Saving file at /tetci17/experiments/deprecated/supervised/svm_classifcation.py.ipynb
[W 20:46:37.342 NotebookApp] WebSocket ping timeout after 119988 ms.
slurmstepd: error: *** JOB 656305 ON c26-03 CANCELLED AT 2017-05-11T06:34:05 DUE TO TIME LIMIT ***
